2024-07-17 18:33:22,792 INFO    StreamThr :211876 [internal.py:wandb_internal():85] W&B internal server running at pid: 211876, started at: 2024-07-17 18:33:22.792149
2024-07-17 18:33:22,794 DEBUG   HandlerThread:211876 [handler.py:handle_request():158] handle_request: status
2024-07-17 18:33:22,795 INFO    WriterThread:211876 [datastore.py:open_for_write():87] open: /home/jiaqing/Desktop/DeepPurposePlusPlus/wandb/run-20240717_183322-n81nmpf9/run-n81nmpf9.wandb
2024-07-17 18:33:22,797 DEBUG   SenderThread:211876 [sender.py:send():379] send: header
2024-07-17 18:33:22,827 DEBUG   SenderThread:211876 [sender.py:send():379] send: run
2024-07-17 18:33:23,937 INFO    SenderThread:211876 [dir_watcher.py:__init__():211] watching files in: /home/jiaqing/Desktop/DeepPurposePlusPlus/wandb/run-20240717_183322-n81nmpf9/files
2024-07-17 18:33:23,938 INFO    SenderThread:211876 [sender.py:_start_run_threads():1188] run started: n81nmpf9 with start time 1721212402.792007
2024-07-17 18:33:23,949 DEBUG   HandlerThread:211876 [handler.py:handle_request():158] handle_request: check_version
2024-07-17 18:33:23,950 DEBUG   SenderThread:211876 [sender.py:send_request():406] send_request: check_version
2024-07-17 18:33:28,536 DEBUG   HandlerThread:211876 [handler.py:handle_request():158] handle_request: status_report
2024-07-17 18:33:28,542 DEBUG   HandlerThread:211876 [handler.py:handle_request():158] handle_request: run_start
2024-07-17 18:33:28,545 DEBUG   HandlerThread:211876 [system_info.py:__init__():26] System info init
2024-07-17 18:33:28,545 DEBUG   HandlerThread:211876 [system_info.py:__init__():41] System info init done
2024-07-17 18:33:28,545 INFO    HandlerThread:211876 [system_monitor.py:start():194] Starting system monitor
2024-07-17 18:33:28,546 INFO    SystemMonitor:211876 [system_monitor.py:_start():158] Starting system asset monitoring threads
2024-07-17 18:33:28,546 INFO    HandlerThread:211876 [system_monitor.py:probe():214] Collecting system info
2024-07-17 18:33:28,546 INFO    SystemMonitor:211876 [interfaces.py:start():188] Started cpu monitoring
2024-07-17 18:33:28,547 INFO    SystemMonitor:211876 [interfaces.py:start():188] Started disk monitoring
2024-07-17 18:33:28,548 INFO    SystemMonitor:211876 [interfaces.py:start():188] Started gpu monitoring
2024-07-17 18:33:28,549 INFO    SystemMonitor:211876 [interfaces.py:start():188] Started memory monitoring
2024-07-17 18:33:28,550 INFO    SystemMonitor:211876 [interfaces.py:start():188] Started network monitoring
2024-07-17 18:33:28,574 DEBUG   HandlerThread:211876 [system_info.py:probe():152] Probing system
2024-07-17 18:33:28,583 DEBUG   HandlerThread:211876 [system_info.py:_probe_git():137] Probing git
2024-07-17 18:33:28,603 DEBUG   HandlerThread:211876 [system_info.py:_probe_git():145] Probing git done
2024-07-17 18:33:28,604 DEBUG   HandlerThread:211876 [system_info.py:probe():200] Probing system done
2024-07-17 18:33:28,604 DEBUG   HandlerThread:211876 [system_monitor.py:probe():223] {'os': 'Linux-5.15.0-116-generic-x86_64-with-glibc2.31', 'python': '3.9.19', 'heartbeatAt': '2024-07-17T10:33:28.574630', 'startedAt': '2024-07-17T10:33:22.786911', 'docker': None, 'cuda': None, 'args': ('--target_encoding', 'CNN-RNN', '--seed', '0', '--wandb_proj', 'DeepPurposePP'), 'state': 'running', 'program': '/home/jiaqing/Desktop/DeepPurposePlusPlus/train/beta.py', 'codePathLocal': 'train/beta.py', 'codePath': 'train/beta.py', 'git': {'remote': 'https://github.com/jiaqingxie/DeepPurposePlusPlus.git', 'commit': '46ac424cd511d2242bfd901744acdba192a70e4d'}, 'email': 'jiaxie@student.ethz.ch', 'root': '/home/jiaqing/Desktop/DeepPurposePlusPlus', 'host': 'jiaqing-MS-7B89', 'username': 'jiaqing', 'executable': '/home/jiaqing/miniconda3/envs/graph/bin/python', 'cpu_count': 6, 'cpu_count_logical': 12, 'cpu_freq': {'current': 2401.383416666667, 'min': 2200.0, 'max': 3600.0}, 'cpu_freq_per_core': [{'current': 2200.0, 'min': 2200.0, 'max': 3600.0}, {'current': 2200.0, 'min': 2200.0, 'max': 3600.0}, {'current': 4016.601, 'min': 2200.0, 'max': 3600.0}, {'current': 2200.0, 'min': 2200.0, 'max': 3600.0}, {'current': 2200.0, 'min': 2200.0, 'max': 3600.0}, {'current': 2200.0, 'min': 2200.0, 'max': 3600.0}, {'current': 2200.0, 'min': 2200.0, 'max': 3600.0}, {'current': 2200.0, 'min': 2200.0, 'max': 3600.0}, {'current': 2200.0, 'min': 2200.0, 'max': 3600.0}, {'current': 2200.0, 'min': 2200.0, 'max': 3600.0}, {'current': 2200.0, 'min': 2200.0, 'max': 3600.0}, {'current': 2200.0, 'min': 2200.0, 'max': 3600.0}], 'disk': {'/': {'total': 456.8854446411133, 'used': 178.43648529052734}}, 'gpu': 'NVIDIA GeForce RTX 2060 SUPER', 'gpu_count': 1, 'gpu_devices': [{'name': 'NVIDIA GeForce RTX 2060 SUPER', 'memory_total': 8361672704}], 'memory': {'total': 15.556827545166016}}
2024-07-17 18:33:28,604 INFO    HandlerThread:211876 [system_monitor.py:probe():224] Finished collecting system info
2024-07-17 18:33:28,604 INFO    HandlerThread:211876 [system_monitor.py:probe():227] Publishing system info
2024-07-17 18:33:28,604 DEBUG   HandlerThread:211876 [system_info.py:_save_conda():209] Saving list of conda packages installed into the current environment
2024-07-17 18:33:28,941 INFO    Thread-12 :211876 [dir_watcher.py:_on_file_created():271] file/dir created: /home/jiaqing/Desktop/DeepPurposePlusPlus/wandb/run-20240717_183322-n81nmpf9/files/conda-environment.yaml
2024-07-17 18:33:32,632 DEBUG   HandlerThread:211876 [system_info.py:_save_conda():224] Saving conda packages done
2024-07-17 18:33:32,633 INFO    HandlerThread:211876 [system_monitor.py:probe():229] Finished publishing system info
2024-07-17 18:33:32,639 DEBUG   SenderThread:211876 [sender.py:send():379] send: files
2024-07-17 18:33:32,639 INFO    SenderThread:211876 [sender.py:_save_file():1454] saving file wandb-metadata.json with policy now
2024-07-17 18:33:32,730 DEBUG   HandlerThread:211876 [handler.py:handle_request():158] handle_request: python_packages
2024-07-17 18:33:32,731 DEBUG   SenderThread:211876 [sender.py:send_request():406] send_request: python_packages
2024-07-17 18:33:32,731 DEBUG   HandlerThread:211876 [handler.py:handle_request():158] handle_request: stop_status
2024-07-17 18:33:32,731 DEBUG   HandlerThread:211876 [handler.py:handle_request():158] handle_request: internal_messages
2024-07-17 18:33:32,732 DEBUG   SenderThread:211876 [sender.py:send_request():406] send_request: stop_status
2024-07-17 18:33:32,940 INFO    Thread-12 :211876 [dir_watcher.py:_on_file_modified():288] file/dir modified: /home/jiaqing/Desktop/DeepPurposePlusPlus/wandb/run-20240717_183322-n81nmpf9/files/conda-environment.yaml
2024-07-17 18:33:32,940 INFO    Thread-12 :211876 [dir_watcher.py:_on_file_created():271] file/dir created: /home/jiaqing/Desktop/DeepPurposePlusPlus/wandb/run-20240717_183322-n81nmpf9/files/requirements.txt
2024-07-17 18:33:32,940 INFO    Thread-12 :211876 [dir_watcher.py:_on_file_created():271] file/dir created: /home/jiaqing/Desktop/DeepPurposePlusPlus/wandb/run-20240717_183322-n81nmpf9/files/wandb-metadata.json
2024-07-17 18:33:33,446 DEBUG   SenderThread:211876 [sender.py:send():379] send: telemetry
2024-07-17 18:33:33,446 DEBUG   SenderThread:211876 [sender.py:send():379] send: config
2024-07-17 18:33:33,447 DEBUG   SenderThread:211876 [sender.py:send():379] send: exit
2024-07-17 18:33:33,447 INFO    SenderThread:211876 [sender.py:send_exit():586] handling exit code: 1
2024-07-17 18:33:33,448 INFO    SenderThread:211876 [sender.py:send_exit():588] handling runtime: 4
2024-07-17 18:33:33,449 INFO    SenderThread:211876 [sender.py:_save_file():1454] saving file wandb-summary.json with policy end
2024-07-17 18:33:33,449 INFO    SenderThread:211876 [sender.py:send_exit():594] send defer
2024-07-17 18:33:33,450 DEBUG   HandlerThread:211876 [handler.py:handle_request():158] handle_request: defer
2024-07-17 18:33:33,450 INFO    HandlerThread:211876 [handler.py:handle_request_defer():184] handle defer: 0
2024-07-17 18:33:33,450 DEBUG   SenderThread:211876 [sender.py:send_request():406] send_request: defer
2024-07-17 18:33:33,450 INFO    SenderThread:211876 [sender.py:send_request_defer():610] handle sender defer: 0
2024-07-17 18:33:33,450 INFO    SenderThread:211876 [sender.py:transition_state():614] send defer: 1
2024-07-17 18:33:33,450 DEBUG   HandlerThread:211876 [handler.py:handle_request():158] handle_request: defer
2024-07-17 18:33:33,450 INFO    HandlerThread:211876 [handler.py:handle_request_defer():184] handle defer: 1
2024-07-17 18:33:33,450 DEBUG   SenderThread:211876 [sender.py:send_request():406] send_request: defer
2024-07-17 18:33:33,450 INFO    SenderThread:211876 [sender.py:send_request_defer():610] handle sender defer: 1
2024-07-17 18:33:33,450 INFO    SenderThread:211876 [sender.py:transition_state():614] send defer: 2
2024-07-17 18:33:33,451 DEBUG   HandlerThread:211876 [handler.py:handle_request():158] handle_request: defer
2024-07-17 18:33:33,451 INFO    HandlerThread:211876 [handler.py:handle_request_defer():184] handle defer: 2
2024-07-17 18:33:33,451 INFO    HandlerThread:211876 [system_monitor.py:finish():203] Stopping system monitor
2024-07-17 18:33:33,451 INFO    HandlerThread:211876 [interfaces.py:finish():200] Joined cpu monitor
2024-07-17 18:33:33,451 INFO    HandlerThread:211876 [interfaces.py:finish():200] Joined disk monitor
2024-07-17 18:33:33,452 DEBUG   SystemMonitor:211876 [system_monitor.py:_start():172] Starting system metrics aggregation loop
2024-07-17 18:33:33,452 DEBUG   SystemMonitor:211876 [system_monitor.py:_start():179] Finished system metrics aggregation loop
2024-07-17 18:33:33,452 DEBUG   SystemMonitor:211876 [system_monitor.py:_start():183] Publishing last batch of metrics
2024-07-17 18:33:33,503 INFO    HandlerThread:211876 [interfaces.py:finish():200] Joined gpu monitor
2024-07-17 18:33:33,503 INFO    HandlerThread:211876 [interfaces.py:finish():200] Joined memory monitor
2024-07-17 18:33:33,503 INFO    HandlerThread:211876 [interfaces.py:finish():200] Joined network monitor
2024-07-17 18:33:33,503 DEBUG   SenderThread:211876 [sender.py:send_request():406] send_request: defer
2024-07-17 18:33:33,503 INFO    SenderThread:211876 [sender.py:send_request_defer():610] handle sender defer: 2
2024-07-17 18:33:33,503 INFO    SenderThread:211876 [sender.py:transition_state():614] send defer: 3
2024-07-17 18:33:33,504 DEBUG   SenderThread:211876 [sender.py:send():379] send: stats
2024-07-17 18:33:33,504 DEBUG   HandlerThread:211876 [handler.py:handle_request():158] handle_request: defer
2024-07-17 18:33:33,504 INFO    HandlerThread:211876 [handler.py:handle_request_defer():184] handle defer: 3
2024-07-17 18:33:33,504 DEBUG   SenderThread:211876 [sender.py:send_request():406] send_request: defer
2024-07-17 18:33:33,504 INFO    SenderThread:211876 [sender.py:send_request_defer():610] handle sender defer: 3
2024-07-17 18:33:33,504 INFO    SenderThread:211876 [sender.py:transition_state():614] send defer: 4
2024-07-17 18:33:33,504 DEBUG   HandlerThread:211876 [handler.py:handle_request():158] handle_request: defer
2024-07-17 18:33:33,504 INFO    HandlerThread:211876 [handler.py:handle_request_defer():184] handle defer: 4
2024-07-17 18:33:33,504 DEBUG   SenderThread:211876 [sender.py:send_request():406] send_request: defer
2024-07-17 18:33:33,504 INFO    SenderThread:211876 [sender.py:send_request_defer():610] handle sender defer: 4
2024-07-17 18:33:33,504 INFO    SenderThread:211876 [sender.py:transition_state():614] send defer: 5
2024-07-17 18:33:33,504 DEBUG   HandlerThread:211876 [handler.py:handle_request():158] handle_request: defer
2024-07-17 18:33:33,504 INFO    HandlerThread:211876 [handler.py:handle_request_defer():184] handle defer: 5
2024-07-17 18:33:33,504 DEBUG   SenderThread:211876 [sender.py:send():379] send: summary
2024-07-17 18:33:33,505 INFO    SenderThread:211876 [sender.py:_save_file():1454] saving file wandb-summary.json with policy end
2024-07-17 18:33:33,505 DEBUG   SenderThread:211876 [sender.py:send_request():406] send_request: defer
2024-07-17 18:33:33,505 INFO    SenderThread:211876 [sender.py:send_request_defer():610] handle sender defer: 5
2024-07-17 18:33:33,505 INFO    SenderThread:211876 [sender.py:transition_state():614] send defer: 6
2024-07-17 18:33:33,505 DEBUG   HandlerThread:211876 [handler.py:handle_request():158] handle_request: defer
2024-07-17 18:33:33,505 INFO    HandlerThread:211876 [handler.py:handle_request_defer():184] handle defer: 6
2024-07-17 18:33:33,505 DEBUG   SenderThread:211876 [sender.py:send_request():406] send_request: defer
2024-07-17 18:33:33,505 INFO    SenderThread:211876 [sender.py:send_request_defer():610] handle sender defer: 6
2024-07-17 18:33:33,508 DEBUG   HandlerThread:211876 [handler.py:handle_request():158] handle_request: status_report
2024-07-17 18:33:33,814 DEBUG   HandlerThread:211876 [handler.py:handle_request():158] handle_request: poll_exit
2024-07-17 18:33:33,824 INFO    SenderThread:211876 [sender.py:transition_state():614] send defer: 7
2024-07-17 18:33:33,824 DEBUG   SenderThread:211876 [sender.py:send_request():406] send_request: poll_exit
2024-07-17 18:33:33,824 DEBUG   HandlerThread:211876 [handler.py:handle_request():158] handle_request: defer
2024-07-17 18:33:33,824 INFO    HandlerThread:211876 [handler.py:handle_request_defer():184] handle defer: 7
2024-07-17 18:33:33,824 DEBUG   SenderThread:211876 [sender.py:send_request():406] send_request: defer
2024-07-17 18:33:33,825 INFO    SenderThread:211876 [sender.py:send_request_defer():610] handle sender defer: 7
2024-07-17 18:33:33,853 INFO    wandb-upload_0:211876 [upload_job.py:push():130] Uploaded file /tmp/tmpshtm_o_nwandb/x1guvj3p-wandb-metadata.json
2024-07-17 18:33:33,940 INFO    Thread-12 :211876 [dir_watcher.py:_on_file_modified():288] file/dir modified: /home/jiaqing/Desktop/DeepPurposePlusPlus/wandb/run-20240717_183322-n81nmpf9/files/config.yaml
2024-07-17 18:33:33,940 INFO    Thread-12 :211876 [dir_watcher.py:_on_file_created():271] file/dir created: /home/jiaqing/Desktop/DeepPurposePlusPlus/wandb/run-20240717_183322-n81nmpf9/files/output.log
2024-07-17 18:33:33,940 INFO    Thread-12 :211876 [dir_watcher.py:_on_file_created():271] file/dir created: /home/jiaqing/Desktop/DeepPurposePlusPlus/wandb/run-20240717_183322-n81nmpf9/files/wandb-summary.json
2024-07-17 18:33:34,814 DEBUG   HandlerThread:211876 [handler.py:handle_request():158] handle_request: poll_exit
2024-07-17 18:33:35,941 INFO    Thread-12 :211876 [dir_watcher.py:_on_file_modified():288] file/dir modified: /home/jiaqing/Desktop/DeepPurposePlusPlus/wandb/run-20240717_183322-n81nmpf9/files/output.log
2024-07-17 18:33:37,455 INFO    SenderThread:211876 [sender.py:transition_state():614] send defer: 8
2024-07-17 18:33:37,455 DEBUG   SenderThread:211876 [sender.py:send_request():406] send_request: poll_exit
2024-07-17 18:33:37,456 DEBUG   HandlerThread:211876 [handler.py:handle_request():158] handle_request: defer
2024-07-17 18:33:37,456 INFO    HandlerThread:211876 [handler.py:handle_request_defer():184] handle defer: 8
2024-07-17 18:33:37,456 DEBUG   SenderThread:211876 [sender.py:send_request():406] send_request: defer
2024-07-17 18:33:37,456 INFO    SenderThread:211876 [sender.py:send_request_defer():610] handle sender defer: 8
2024-07-17 18:33:37,456 INFO    SenderThread:211876 [job_builder.py:build():440] Attempting to build job artifact
2024-07-17 18:33:37,457 INFO    SenderThread:211876 [job_builder.py:_get_source_type():569] is repo sourced job
2024-07-17 18:33:37,481 INFO    SenderThread:211876 [job_builder.py:build():545] adding wandb-job metadata file
2024-07-17 18:33:37,484 INFO    SenderThread:211876 [sender.py:transition_state():614] send defer: 9
2024-07-17 18:33:37,484 DEBUG   HandlerThread:211876 [handler.py:handle_request():158] handle_request: defer
2024-07-17 18:33:37,485 INFO    HandlerThread:211876 [handler.py:handle_request_defer():184] handle defer: 9
2024-07-17 18:33:37,485 DEBUG   SenderThread:211876 [sender.py:send():379] send: artifact
2024-07-17 18:33:37,817 DEBUG   HandlerThread:211876 [handler.py:handle_request():158] handle_request: poll_exit
2024-07-17 18:33:37,941 INFO    Thread-12 :211876 [dir_watcher.py:_on_file_modified():288] file/dir modified: /home/jiaqing/Desktop/DeepPurposePlusPlus/wandb/run-20240717_183322-n81nmpf9/files/output.log
2024-07-17 18:33:39,812 WARNING StreamThr :211876 [internal.py:is_dead():413] Internal process exiting, parent pid 211842 disappeared
2024-07-17 18:33:39,812 ERROR   StreamThr :211876 [internal.py:wandb_internal():151] Internal process shutdown.
2024-07-17 18:33:39,817 INFO    HandlerThread:211876 [handler.py:finish():882] shutting down handler
2024-07-17 18:33:39,818 INFO    WriterThread:211876 [datastore.py:close():296] close: /home/jiaqing/Desktop/DeepPurposePlusPlus/wandb/run-20240717_183322-n81nmpf9/run-n81nmpf9.wandb
2024-07-17 18:34:11,125 WARNING FileStreamThread:211876 [file_stream.py:request_with_retry():674] requests_with_retry encountered retryable exception: 500 Server Error: Internal Server Error for url: https://api.wandb.ai/files/jiaqing/DeepPurposePP/n81nmpf9/file_stream. func: <bound method Session.post of <requests.sessions.Session object at 0x7f9d2951d3a0>>, args: ('https://api.wandb.ai/files/jiaqing/DeepPurposePP/n81nmpf9/file_stream',), kwargs: {'json': {'complete': False, 'failed': False, 'dropped': 0, 'uploaded': []}}
2024-07-17 18:34:42,434 INFO    SenderThread:211876 [retry.py:__call__():172] Retry attempt failed:
Traceback (most recent call last):
  File "/home/jiaqing/miniconda3/envs/graph/lib/python3.9/site-packages/urllib3/connectionpool.py", line 537, in _make_request
    response = conn.getresponse()
  File "/home/jiaqing/miniconda3/envs/graph/lib/python3.9/site-packages/urllib3/connection.py", line 466, in getresponse
    httplib_response = super().getresponse()
  File "/home/jiaqing/miniconda3/envs/graph/lib/python3.9/http/client.py", line 1377, in getresponse
    response.begin()
  File "/home/jiaqing/miniconda3/envs/graph/lib/python3.9/http/client.py", line 320, in begin
    version, status, reason = self._read_status()
  File "/home/jiaqing/miniconda3/envs/graph/lib/python3.9/http/client.py", line 281, in _read_status
    line = str(self.fp.readline(_MAXLINE + 1), "iso-8859-1")
  File "/home/jiaqing/miniconda3/envs/graph/lib/python3.9/socket.py", line 704, in readinto
    return self._sock.recv_into(b)
  File "/home/jiaqing/miniconda3/envs/graph/lib/python3.9/ssl.py", line 1275, in recv_into
    return self.read(nbytes, buffer)
  File "/home/jiaqing/miniconda3/envs/graph/lib/python3.9/ssl.py", line 1133, in read
    return self._sslobj.read(len, buffer)
socket.timeout: The read operation timed out

The above exception was the direct cause of the following exception:

Traceback (most recent call last):
  File "/home/jiaqing/miniconda3/envs/graph/lib/python3.9/site-packages/requests/adapters.py", line 589, in send
    resp = conn.urlopen(
  File "/home/jiaqing/miniconda3/envs/graph/lib/python3.9/site-packages/urllib3/connectionpool.py", line 847, in urlopen
    retries = retries.increment(
  File "/home/jiaqing/miniconda3/envs/graph/lib/python3.9/site-packages/urllib3/util/retry.py", line 470, in increment
    raise reraise(type(error), error, _stacktrace)
  File "/home/jiaqing/miniconda3/envs/graph/lib/python3.9/site-packages/urllib3/util/util.py", line 39, in reraise
    raise value
  File "/home/jiaqing/miniconda3/envs/graph/lib/python3.9/site-packages/urllib3/connectionpool.py", line 793, in urlopen
    response = self._make_request(
  File "/home/jiaqing/miniconda3/envs/graph/lib/python3.9/site-packages/urllib3/connectionpool.py", line 539, in _make_request
    self._raise_timeout(err=e, url=url, timeout_value=read_timeout)
  File "/home/jiaqing/miniconda3/envs/graph/lib/python3.9/site-packages/urllib3/connectionpool.py", line 370, in _raise_timeout
    raise ReadTimeoutError(
urllib3.exceptions.ReadTimeoutError: HTTPSConnectionPool(host='api.wandb.ai', port=443): Read timed out. (read timeout=20)

During handling of the above exception, another exception occurred:

Traceback (most recent call last):
  File "/home/jiaqing/miniconda3/envs/graph/lib/python3.9/site-packages/wandb/sdk/lib/retry.py", line 131, in __call__
    result = self._call_fn(*args, **kwargs)
  File "/home/jiaqing/miniconda3/envs/graph/lib/python3.9/site-packages/wandb/sdk/internal/internal_api.py", line 345, in execute
    return self.client.execute(*args, **kwargs)  # type: ignore
  File "/home/jiaqing/miniconda3/envs/graph/lib/python3.9/site-packages/wandb/vendor/gql-0.2.0/wandb_gql/client.py", line 52, in execute
    result = self._get_result(document, *args, **kwargs)
  File "/home/jiaqing/miniconda3/envs/graph/lib/python3.9/site-packages/wandb/vendor/gql-0.2.0/wandb_gql/client.py", line 60, in _get_result
    return self.transport.execute(document, *args, **kwargs)
  File "/home/jiaqing/miniconda3/envs/graph/lib/python3.9/site-packages/wandb/sdk/lib/gql_request.py", line 58, in execute
    request = self.session.post(self.url, **post_args)
  File "/home/jiaqing/miniconda3/envs/graph/lib/python3.9/site-packages/requests/sessions.py", line 637, in post
    return self.request("POST", url, data=data, json=json, **kwargs)
  File "/home/jiaqing/miniconda3/envs/graph/lib/python3.9/site-packages/requests/sessions.py", line 589, in request
    resp = self.send(prep, **send_kwargs)
  File "/home/jiaqing/miniconda3/envs/graph/lib/python3.9/site-packages/requests/sessions.py", line 703, in send
    r = adapter.send(request, **kwargs)
  File "/home/jiaqing/miniconda3/envs/graph/lib/python3.9/site-packages/requests/adapters.py", line 635, in send
    raise ReadTimeout(e, request=request)
requests.exceptions.ReadTimeout: HTTPSConnectionPool(host='api.wandb.ai', port=443): Read timed out. (read timeout=20)
2024-07-17 18:34:42,441 ERROR   SenderThread:211876 [sender.py:send_artifact():1532] send_artifact: failed for artifact "job/job-https___github.com_jiaqingxie_DeepPurposePlusPlus.git_train_beta.py": [Errno 5] Input/output error
2024-07-17 18:34:42,441 INFO    SenderThread:211876 [sender.py:finish():1608] shutting down sender
2024-07-17 18:34:42,441 INFO    SenderThread:211876 [dir_watcher.py:finish():358] shutting down directory watcher
2024-07-17 18:34:42,952 INFO    SenderThread:211876 [dir_watcher.py:finish():388] scan: /home/jiaqing/Desktop/DeepPurposePlusPlus/wandb/run-20240717_183322-n81nmpf9/files
2024-07-17 18:34:42,952 INFO    SenderThread:211876 [dir_watcher.py:finish():402] scan save: /home/jiaqing/Desktop/DeepPurposePlusPlus/wandb/run-20240717_183322-n81nmpf9/files/wandb-summary.json wandb-summary.json
2024-07-17 18:34:42,952 INFO    SenderThread:211876 [dir_watcher.py:finish():402] scan save: /home/jiaqing/Desktop/DeepPurposePlusPlus/wandb/run-20240717_183322-n81nmpf9/files/output.log output.log
2024-07-17 18:34:42,952 INFO    SenderThread:211876 [dir_watcher.py:finish():402] scan save: /home/jiaqing/Desktop/DeepPurposePlusPlus/wandb/run-20240717_183322-n81nmpf9/files/wandb-metadata.json wandb-metadata.json
2024-07-17 18:34:42,952 INFO    SenderThread:211876 [dir_watcher.py:finish():402] scan save: /home/jiaqing/Desktop/DeepPurposePlusPlus/wandb/run-20240717_183322-n81nmpf9/files/requirements.txt requirements.txt
2024-07-17 18:34:42,953 INFO    SenderThread:211876 [dir_watcher.py:finish():402] scan save: /home/jiaqing/Desktop/DeepPurposePlusPlus/wandb/run-20240717_183322-n81nmpf9/files/config.yaml config.yaml
2024-07-17 18:34:42,953 INFO    SenderThread:211876 [dir_watcher.py:finish():402] scan save: /home/jiaqing/Desktop/DeepPurposePlusPlus/wandb/run-20240717_183322-n81nmpf9/files/conda-environment.yaml conda-environment.yaml
2024-07-17 18:34:42,953 INFO    SenderThread:211876 [file_pusher.py:finish():169] shutting down file pusher
2024-07-17 18:34:42,953 INFO    SenderThread:211876 [file_pusher.py:join():175] waiting for file pusher
2024-07-17 18:34:42,953 INFO    SenderThread:211876 [file_stream.py:finish():601] file stream finish called
2024-07-17 18:35:08,627 WARNING FileStreamThread:211876 [file_stream.py:request_with_retry():674] requests_with_retry encountered retryable exception: 500 Server Error: Internal Server Error for url: https://api.wandb.ai/files/jiaqing/DeepPurposePP/n81nmpf9/file_stream. func: <bound method Session.post of <requests.sessions.Session object at 0x7f9d2951d3a0>>, args: ('https://api.wandb.ai/files/jiaqing/DeepPurposePP/n81nmpf9/file_stream',), kwargs: {'json': {'complete': False, 'failed': False, 'dropped': 0, 'uploaded': []}}
2024-07-17 18:36:08,014 WARNING FileStreamThread:211876 [file_stream.py:request_with_retry():674] requests_with_retry encountered retryable exception: 500 Server Error: Internal Server Error for url: https://api.wandb.ai/files/jiaqing/DeepPurposePP/n81nmpf9/file_stream. func: <bound method Session.post of <requests.sessions.Session object at 0x7f9d2951d3a0>>, args: ('https://api.wandb.ai/files/jiaqing/DeepPurposePP/n81nmpf9/file_stream',), kwargs: {'json': {'complete': False, 'failed': False, 'dropped': 0, 'uploaded': []}}
2024-07-17 18:36:58,918 INFO    SenderThread:211876 [file_stream.py:finish():605] file stream finish is done
